<?xml version="1.0" encoding="UTF-8"?>
<!-- Generated by org.testng.reporters.JUnitReportReporter -->
<testsuite hostname="DESKTOP-TOLOUA7" failures="0" tests="4" name="com.qa.Students.UserInfo" time="2.685" errors="0" timestamp="2021-02-03T17:00:56 CST" skipped="0">
  <testcase classname="com.qa.Students.UserInfo" name="getrequest" time="1.769"/>
  <system-out/>
  <testcase classname="com.qa.Students.UserInfo" name="validateUserId" time="0.154"/>
  <system-out/>
  <testcase classname="com.qa.Students.UserInfo" name="parseJson" time="0.658"/>
  <system-out/>
  <testcase classname="com.qa.Students.UserInfo" name="validateResponseStatus" time="0.104"/>
  <system-out/>
</testsuite> <!-- com.qa.Students.UserInfo -->
