<?xml version="1.0" encoding="UTF-8"?>
<!-- Generated by org.testng.reporters.JUnitReportReporter -->
<testsuite hostname="DESKTOP-TOLOUA7" failures="0" tests="8" name="com.qa.Students.Student_Info" time="0.281" errors="0" timestamp="2021-02-04T01:46:16 CST" skipped="0">
  <testcase classname="com.qa.Students.Student_Info" name="User_name" time="0.011"/>
  <system-out/>
  <testcase classname="com.qa.Students.Student_Info" name="User_id" time="0.004"/>
  <system-out/>
  <testcase classname="com.qa.Students.Student_Info" name="User_lastsessionid" time="0.003"/>
  <system-out/>
  <testcase classname="com.qa.Students.Student_Info" name="User_marks" time="0.243"/>
  <system-out/>
  <testcase classname="com.qa.Students.Student_Info" name="User_secondcontact" time="0.004"/>
  <system-out/>
  <testcase classname="com.qa.Students.Student_Info" name="User_city" time="0.005"/>
  <system-out/>
  <testcase classname="com.qa.Students.Student_Info" name="User_contact" time="0.006"/>
  <system-out/>
  <testcase classname="com.qa.Students.Student_Info" name="User_firstaddress" time="0.005"/>
  <system-out/>
</testsuite> <!-- com.qa.Students.Student_Info -->
